[ 2018-03-14T15:30:14+08:00 ] 127.0.0.1 /Api/Index
INFO: [ app_init ] --START--
INFO: Run Behavior\BuildLiteBehavior [ RunTime:0.000000s ]
INFO: [ app_init ] --END-- [ RunTime:0.001000s ]
INFO: [ app_begin ] --START--
INFO: Run Behavior\ReadHtmlCacheBehavior [ RunTime:0.001000s ]
INFO: [ app_begin ] --END-- [ RunTime:0.001000s ]
NOTIC: [2048] Declaration of Api\Controller\IndexController::get() should be compatible with Think\Controller::get($name = '') D:\wamp\www\tpdemo\Application\Api\Controller\IndexController.class.php 第 4 行.
ERR: 非法操作:index

[ 2018-03-14T15:31:10+08:00 ] 127.0.0.1 /Api/
INFO: [ app_init ] --START--
INFO: Run Behavior\BuildLiteBehavior [ RunTime:0.000000s ]
INFO: [ app_init ] --END-- [ RunTime:0.000000s ]
INFO: [ app_begin ] --START--
INFO: Run Behavior\ReadHtmlCacheBehavior [ RunTime:0.001000s ]
INFO: [ app_begin ] --END-- [ RunTime:0.001000s ]
NOTIC: [2048] Declaration of Api\Controller\IndexController::get() should be compatible with Think\Controller::get($name = '') D:\wamp\www\tpdemo\Application\Api\Controller\IndexController.class.php 第 4 行.
ERR: 非法操作:index

[ 2018-03-14T15:32:25+08:00 ] 127.0.0.1 /Api/
INFO: [ app_init ] --START--
INFO: Run Behavior\BuildLiteBehavior [ RunTime:0.000000s ]
INFO: [ app_init ] --END-- [ RunTime:0.001000s ]
INFO: [ app_begin ] --START--
INFO: Run Behavior\ReadHtmlCacheBehavior [ RunTime:0.001000s ]
INFO: [ app_begin ] --END-- [ RunTime:0.001000s ]
NOTIC: [2048] Declaration of Api\Controller\IndexController::get() should be compatible with Think\Controller::get($name = '') D:\wamp\www\tpdemo\Application\Api\Controller\IndexController.class.php 第 4 行.
ERR: 非法操作:index

[ 2018-03-14T15:32:28+08:00 ] 127.0.0.1 /Api/
INFO: [ app_init ] --START--
INFO: Run Behavior\BuildLiteBehavior [ RunTime:0.000000s ]
INFO: [ app_init ] --END-- [ RunTime:0.000000s ]
INFO: [ app_begin ] --START--
INFO: Run Behavior\ReadHtmlCacheBehavior [ RunTime:0.001000s ]
INFO: [ app_begin ] --END-- [ RunTime:0.001000s ]
NOTIC: [2048] Declaration of Api\Controller\IndexController::get() should be compatible with Think\Controller::get($name = '') D:\wamp\www\tpdemo\Application\Api\Controller\IndexController.class.php 第 4 行.
ERR: 非法操作:index

[ 2018-03-14T15:32:29+08:00 ] 127.0.0.1 /Api/
INFO: [ app_init ] --START--
INFO: Run Behavior\BuildLiteBehavior [ RunTime:0.000000s ]
INFO: [ app_init ] --END-- [ RunTime:0.000000s ]
INFO: [ app_begin ] --START--
INFO: Run Behavior\ReadHtmlCacheBehavior [ RunTime:0.001000s ]
INFO: [ app_begin ] --END-- [ RunTime:0.001000s ]
NOTIC: [2048] Declaration of Api\Controller\IndexController::get() should be compatible with Think\Controller::get($name = '') D:\wamp\www\tpdemo\Application\Api\Controller\IndexController.class.php 第 4 行.
ERR: 非法操作:index

[ 2018-03-14T15:32:29+08:00 ] 127.0.0.1 /Api/
INFO: [ app_init ] --START--
INFO: Run Behavior\BuildLiteBehavior [ RunTime:0.000000s ]
INFO: [ app_init ] --END-- [ RunTime:0.001000s ]
INFO: [ app_begin ] --START--
INFO: Run Behavior\ReadHtmlCacheBehavior [ RunTime:0.001000s ]
INFO: [ app_begin ] --END-- [ RunTime:0.001000s ]
NOTIC: [2048] Declaration of Api\Controller\IndexController::get() should be compatible with Think\Controller::get($name = '') D:\wamp\www\tpdemo\Application\Api\Controller\IndexController.class.php 第 4 行.
ERR: 非法操作:index

[ 2018-03-14T15:34:32+08:00 ] 127.0.0.1 /Api
INFO: [ app_init ] --START--
INFO: Run Behavior\BuildLiteBehavior [ RunTime:0.000000s ]
INFO: [ app_init ] --END-- [ RunTime:0.001000s ]
INFO: [ app_begin ] --START--
INFO: Run Behavior\ReadHtmlCacheBehavior [ RunTime:0.001000s ]
INFO: [ app_begin ] --END-- [ RunTime:0.001000s ]
NOTIC: [2048] Declaration of Api\Controller\IndexController::get() should be compatible with Think\Controller::get($name = '') D:\wamp\www\tpdemo\Application\Api\Controller\IndexController.class.php 第 4 行.
ERR: 非法操作:index

[ 2018-03-14T16:00:31+08:00 ] 127.0.0.1 /Index/get
INFO: [ app_init ] --START--
INFO: Run Behavior\BuildLiteBehavior [ RunTime:0.000000s ]
INFO: [ app_init ] --END-- [ RunTime:0.000000s ]
INFO: [ app_begin ] --START--
INFO: Run Behavior\ReadHtmlCacheBehavior [ RunTime:0.000000s ]
INFO: [ app_begin ] --END-- [ RunTime:0.001000s ]
NOTIC: [2048] Declaration of Api\Controller\IndexController::get() should be compatible with Think\Controller::get($name = '') D:\wamp\www\tpdemo\Application\Api\Controller\IndexController.class.php 第 4 行.
NOTIC: [8] Array to string conversion D:\wamp\www\tpdemo\ThinkPHP\Library\Think\Controller\RestController.class.php 第 232 行.

[ 2018-03-14T16:00:31+08:00 ] 127.0.0.1 /Index/get
INFO: [ app_init ] --START--
INFO: Run Behavior\BuildLiteBehavior [ RunTime:0.000000s ]
INFO: [ app_init ] --END-- [ RunTime:0.000000s ]
INFO: [ app_begin ] --START--
INFO: Run Behavior\ReadHtmlCacheBehavior [ RunTime:0.001000s ]
INFO: [ app_begin ] --END-- [ RunTime:0.001000s ]
NOTIC: [2048] Declaration of Api\Controller\IndexController::get() should be compatible with Think\Controller::get($name = '') D:\wamp\www\tpdemo\Application\Api\Controller\IndexController.class.php 第 4 行.
NOTIC: [8] Array to string conversion D:\wamp\www\tpdemo\ThinkPHP\Library\Think\Controller\RestController.class.php 第 232 行.

[ 2018-03-14T16:00:45+08:00 ] 127.0.0.1 /Index/get
INFO: [ app_init ] --START--
INFO: Run Behavior\BuildLiteBehavior [ RunTime:0.000000s ]
INFO: [ app_init ] --END-- [ RunTime:0.001000s ]
INFO: [ app_begin ] --START--
INFO: Run Behavior\ReadHtmlCacheBehavior [ RunTime:0.001000s ]
INFO: [ app_begin ] --END-- [ RunTime:0.001000s ]

[ 2018-03-14T16:00:46+08:00 ] 127.0.0.1 /Index/get
INFO: [ app_init ] --START--
INFO: Run Behavior\BuildLiteBehavior [ RunTime:0.000000s ]
INFO: [ app_init ] --END-- [ RunTime:0.001000s ]
INFO: [ app_begin ] --START--
INFO: Run Behavior\ReadHtmlCacheBehavior [ RunTime:0.000000s ]
INFO: [ app_begin ] --END-- [ RunTime:0.000000s ]

[ 2018-03-14T16:01:00+08:00 ] 127.0.0.1 /Index/get
INFO: [ app_init ] --START--
INFO: Run Behavior\BuildLiteBehavior [ RunTime:0.000000s ]
INFO: [ app_init ] --END-- [ RunTime:0.001000s ]
INFO: [ app_begin ] --START--
INFO: Run Behavior\ReadHtmlCacheBehavior [ RunTime:0.001000s ]
INFO: [ app_begin ] --END-- [ RunTime:0.001000s ]
NOTIC: [2048] Declaration of Api\Controller\IndexController::get() should be compatible with Think\Controller::get($name = '') D:\wamp\www\tpdemo\Application\Api\Controller\IndexController.class.php 第 4 行.
NOTIC: [8] Array to string conversion D:\wamp\www\tpdemo\ThinkPHP\Library\Think\Controller\RestController.class.php 第 232 行.

[ 2018-03-14T16:01:36+08:00 ] 127.0.0.1 /Index/get
INFO: [ app_init ] --START--
INFO: Run Behavior\BuildLiteBehavior [ RunTime:0.000000s ]
INFO: [ app_init ] --END-- [ RunTime:0.001000s ]
INFO: [ app_begin ] --START--
INFO: Run Behavior\ReadHtmlCacheBehavior [ RunTime:0.001000s ]
INFO: [ app_begin ] --END-- [ RunTime:0.001000s ]
NOTIC: [2048] Declaration of Api\Controller\IndexController::get() should be compatible with Think\Controller::get($name = '') D:\wamp\www\tpdemo\Application\Api\Controller\IndexController.class.php 第 4 行.
NOTIC: [8] Array to string conversion D:\wamp\www\tpdemo\ThinkPHP\Library\Think\Controller\RestController.class.php 第 232 行.

[ 2018-03-14T16:01:37+08:00 ] 127.0.0.1 /Index/get
INFO: [ app_init ] --START--
INFO: Run Behavior\BuildLiteBehavior [ RunTime:0.000000s ]
INFO: [ app_init ] --END-- [ RunTime:0.000000s ]
INFO: [ app_begin ] --START--
INFO: Run Behavior\ReadHtmlCacheBehavior [ RunTime:0.001000s ]
INFO: [ app_begin ] --END-- [ RunTime:0.001000s ]
NOTIC: [2048] Declaration of Api\Controller\IndexController::get() should be compatible with Think\Controller::get($name = '') D:\wamp\www\tpdemo\Application\Api\Controller\IndexController.class.php 第 4 行.
NOTIC: [8] Array to string conversion D:\wamp\www\tpdemo\ThinkPHP\Library\Think\Controller\RestController.class.php 第 232 行.

[ 2018-03-14T16:01:50+08:00 ] 127.0.0.1 /Index/get
INFO: [ app_init ] --START--
INFO: Run Behavior\BuildLiteBehavior [ RunTime:0.000000s ]
INFO: [ app_init ] --END-- [ RunTime:0.000000s ]
INFO: [ app_begin ] --START--
INFO: Run Behavior\ReadHtmlCacheBehavior [ RunTime:0.001000s ]
INFO: [ app_begin ] --END-- [ RunTime:0.001000s ]
NOTIC: [2048] Declaration of Api\Controller\IndexController::get() should be compatible with Think\Controller::get($name = '') D:\wamp\www\tpdemo\Application\Api\Controller\IndexController.class.php 第 4 行.
NOTIC: [8] Array to string conversion D:\wamp\www\tpdemo\ThinkPHP\Library\Think\Controller\RestController.class.php 第 232 行.

[ 2018-03-14T16:01:50+08:00 ] 127.0.0.1 /Index/get
INFO: [ app_init ] --START--
INFO: Run Behavior\BuildLiteBehavior [ RunTime:0.000000s ]
INFO: [ app_init ] --END-- [ RunTime:0.000000s ]
INFO: [ app_begin ] --START--
INFO: Run Behavior\ReadHtmlCacheBehavior [ RunTime:0.001000s ]
INFO: [ app_begin ] --END-- [ RunTime:0.001000s ]
NOTIC: [2048] Declaration of Api\Controller\IndexController::get() should be compatible with Think\Controller::get($name = '') D:\wamp\www\tpdemo\Application\Api\Controller\IndexController.class.php 第 4 行.
NOTIC: [8] Array to string conversion D:\wamp\www\tpdemo\ThinkPHP\Library\Think\Controller\RestController.class.php 第 232 行.

[ 2018-03-14T16:02:28+08:00 ] 127.0.0.1 /Index/get
INFO: [ app_init ] --START--
INFO: Run Behavior\BuildLiteBehavior [ RunTime:0.000000s ]
INFO: [ app_init ] --END-- [ RunTime:0.001000s ]
INFO: [ app_begin ] --START--
INFO: Run Behavior\ReadHtmlCacheBehavior [ RunTime:0.000000s ]
INFO: [ app_begin ] --END-- [ RunTime:0.001000s ]
NOTIC: [2048] Declaration of Api\Controller\IndexController::get() should be compatible with Think\Controller::get($name = '') D:\wamp\www\tpdemo\Application\Api\Controller\IndexController.class.php 第 4 行.
NOTIC: [8] Array to string conversion D:\wamp\www\tpdemo\ThinkPHP\Library\Think\Controller\RestController.class.php 第 232 行.

[ 2018-03-14T16:02:28+08:00 ] 127.0.0.1 /Index/get
INFO: [ app_init ] --START--
INFO: Run Behavior\BuildLiteBehavior [ RunTime:0.000000s ]
INFO: [ app_init ] --END-- [ RunTime:0.000000s ]
INFO: [ app_begin ] --START--
INFO: Run Behavior\ReadHtmlCacheBehavior [ RunTime:0.001000s ]
INFO: [ app_begin ] --END-- [ RunTime:0.001000s ]
NOTIC: [2048] Declaration of Api\Controller\IndexController::get() should be compatible with Think\Controller::get($name = '') D:\wamp\www\tpdemo\Application\Api\Controller\IndexController.class.php 第 4 行.
NOTIC: [8] Array to string conversion D:\wamp\www\tpdemo\ThinkPHP\Library\Think\Controller\RestController.class.php 第 232 行.

[ 2018-03-14T16:02:29+08:00 ] 127.0.0.1 /Index/get
INFO: [ app_init ] --START--
INFO: Run Behavior\BuildLiteBehavior [ RunTime:0.000000s ]
INFO: [ app_init ] --END-- [ RunTime:0.000000s ]
INFO: [ app_begin ] --START--
INFO: Run Behavior\ReadHtmlCacheBehavior [ RunTime:0.001000s ]
INFO: [ app_begin ] --END-- [ RunTime:0.001000s ]
NOTIC: [2048] Declaration of Api\Controller\IndexController::get() should be compatible with Think\Controller::get($name = '') D:\wamp\www\tpdemo\Application\Api\Controller\IndexController.class.php 第 4 行.
NOTIC: [8] Array to string conversion D:\wamp\www\tpdemo\ThinkPHP\Library\Think\Controller\RestController.class.php 第 232 行.

[ 2018-03-14T16:04:14+08:00 ] 127.0.0.1 /Index/get
INFO: [ app_init ] --START--
INFO: Run Behavior\BuildLiteBehavior [ RunTime:0.000000s ]
INFO: [ app_init ] --END-- [ RunTime:0.000000s ]
INFO: [ app_begin ] --START--
INFO: Run Behavior\ReadHtmlCacheBehavior [ RunTime:0.001000s ]
INFO: [ app_begin ] --END-- [ RunTime:0.001000s ]
NOTIC: [2048] Declaration of Api\Controller\IndexController::get() should be compatible with Think\Controller::get($name = '') D:\wamp\www\tpdemo\Application\Api\Controller\IndexController.class.php 第 4 行.

[ 2018-03-14T16:04:15+08:00 ] 127.0.0.1 /Index/get
INFO: [ app_init ] --START--
INFO: Run Behavior\BuildLiteBehavior [ RunTime:0.000000s ]
INFO: [ app_init ] --END-- [ RunTime:0.000000s ]
INFO: [ app_begin ] --START--
INFO: Run Behavior\ReadHtmlCacheBehavior [ RunTime:0.001000s ]
INFO: [ app_begin ] --END-- [ RunTime:0.001000s ]
NOTIC: [2048] Declaration of Api\Controller\IndexController::get() should be compatible with Think\Controller::get($name = '') D:\wamp\www\tpdemo\Application\Api\Controller\IndexController.class.php 第 4 行.

[ 2018-03-14T16:04:32+08:00 ] 127.0.0.1 /Index/get
INFO: [ app_init ] --START--
INFO: Run Behavior\BuildLiteBehavior [ RunTime:0.000000s ]
INFO: [ app_init ] --END-- [ RunTime:0.001000s ]
INFO: [ app_begin ] --START--
INFO: Run Behavior\ReadHtmlCacheBehavior [ RunTime:0.001000s ]
INFO: [ app_begin ] --END-- [ RunTime:0.001000s ]
NOTIC: [2048] Declaration of Api\Controller\IndexController::get() should be compatible with Think\Controller::get($name = '') D:\wamp\www\tpdemo\Application\Api\Controller\IndexController.class.php 第 4 行.

[ 2018-03-14T16:04:33+08:00 ] 127.0.0.1 /Index/get
INFO: [ app_init ] --START--
INFO: Run Behavior\BuildLiteBehavior [ RunTime:0.000000s ]
INFO: [ app_init ] --END-- [ RunTime:0.000000s ]
INFO: [ app_begin ] --START--
INFO: Run Behavior\ReadHtmlCacheBehavior [ RunTime:0.001000s ]
INFO: [ app_begin ] --END-- [ RunTime:0.001000s ]
NOTIC: [2048] Declaration of Api\Controller\IndexController::get() should be compatible with Think\Controller::get($name = '') D:\wamp\www\tpdemo\Application\Api\Controller\IndexController.class.php 第 4 行.

[ 2018-03-14T16:05:18+08:00 ] 127.0.0.1 /Index/get
INFO: [ app_init ] --START--
INFO: Run Behavior\BuildLiteBehavior [ RunTime:0.000000s ]
INFO: [ app_init ] --END-- [ RunTime:0.001000s ]
INFO: [ app_begin ] --START--
INFO: Run Behavior\ReadHtmlCacheBehavior [ RunTime:0.001000s ]
INFO: [ app_begin ] --END-- [ RunTime:0.001000s ]
NOTIC: [2048] Declaration of Api\Controller\IndexController::get() should be compatible with Think\Controller::get($name = '') D:\wamp\www\tpdemo\Application\Api\Controller\IndexController.class.php 第 4 行.

[ 2018-03-14T16:05:18+08:00 ] 127.0.0.1 /Index/get
INFO: [ app_init ] --START--
INFO: Run Behavior\BuildLiteBehavior [ RunTime:0.000000s ]
INFO: [ app_init ] --END-- [ RunTime:0.001000s ]
INFO: [ app_begin ] --START--
INFO: Run Behavior\ReadHtmlCacheBehavior [ RunTime:0.000000s ]
INFO: [ app_begin ] --END-- [ RunTime:0.000000s ]
NOTIC: [2048] Declaration of Api\Controller\IndexController::get() should be compatible with Think\Controller::get($name = '') D:\wamp\www\tpdemo\Application\Api\Controller\IndexController.class.php 第 4 行.

[ 2018-03-14T16:05:19+08:00 ] 127.0.0.1 /Index/get
INFO: [ app_init ] --START--
INFO: Run Behavior\BuildLiteBehavior [ RunTime:0.000000s ]
INFO: [ app_init ] --END-- [ RunTime:0.001001s ]
INFO: [ app_begin ] --START--
INFO: Run Behavior\ReadHtmlCacheBehavior [ RunTime:0.000000s ]
INFO: [ app_begin ] --END-- [ RunTime:0.001000s ]
NOTIC: [2048] Declaration of Api\Controller\IndexController::get() should be compatible with Think\Controller::get($name = '') D:\wamp\www\tpdemo\Application\Api\Controller\IndexController.class.php 第 4 行.

[ 2018-03-14T16:05:57+08:00 ] 127.0.0.1 /Index/get
INFO: [ app_init ] --START--
INFO: Run Behavior\BuildLiteBehavior [ RunTime:0.000000s ]
INFO: [ app_init ] --END-- [ RunTime:0.001000s ]
INFO: [ app_begin ] --START--
INFO: Run Behavior\ReadHtmlCacheBehavior [ RunTime:0.001000s ]
INFO: [ app_begin ] --END-- [ RunTime:0.001000s ]
NOTIC: [2048] Declaration of Api\Controller\IndexController::get() should be compatible with Think\Controller::get($name = '') D:\wamp\www\tpdemo\Application\Api\Controller\IndexController.class.php 第 4 行.

[ 2018-03-14T16:05:58+08:00 ] 127.0.0.1 /Index/get
INFO: [ app_init ] --START--
INFO: Run Behavior\BuildLiteBehavior [ RunTime:0.000000s ]
INFO: [ app_init ] --END-- [ RunTime:0.001000s ]
INFO: [ app_begin ] --START--
INFO: Run Behavior\ReadHtmlCacheBehavior [ RunTime:0.003000s ]
INFO: [ app_begin ] --END-- [ RunTime:0.003000s ]
NOTIC: [2048] Declaration of Api\Controller\IndexController::get() should be compatible with Think\Controller::get($name = '') D:\wamp\www\tpdemo\Application\Api\Controller\IndexController.class.php 第 4 行.

[ 2018-03-14T16:07:57+08:00 ] 127.0.0.1 /Index/get
INFO: [ app_init ] --START--
INFO: Run Behavior\BuildLiteBehavior [ RunTime:0.000000s ]
INFO: [ app_init ] --END-- [ RunTime:0.001000s ]
INFO: [ app_begin ] --START--
INFO: Run Behavior\ReadHtmlCacheBehavior [ RunTime:0.001000s ]
INFO: [ app_begin ] --END-- [ RunTime:0.001000s ]
NOTIC: [2048] Declaration of Api\Controller\IndexController::get() should be compatible with Think\Controller::get($name = '') D:\wamp\www\tpdemo\Application\Api\Controller\IndexController.class.php 第 4 行.

[ 2018-03-14T16:09:17+08:00 ] 127.0.0.1 /favicon.ico
INFO: [ app_init ] --START--
INFO: Run Behavior\BuildLiteBehavior [ RunTime:0.000000s ]
INFO: [ app_init ] --END-- [ RunTime:0.000000s ]

[ 2018-03-14T16:09:24+08:00 ] 127.0.0.1 /Index/get
INFO: [ app_init ] --START--
INFO: Run Behavior\BuildLiteBehavior [ RunTime:0.000000s ]
INFO: [ app_init ] --END-- [ RunTime:0.000000s ]
INFO: [ app_begin ] --START--
INFO: Run Behavior\ReadHtmlCacheBehavior [ RunTime:0.001000s ]
INFO: [ app_begin ] --END-- [ RunTime:0.001000s ]
NOTIC: [2048] Declaration of Api\Controller\IndexController::get() should be compatible with Think\Controller::get($name = '') D:\wamp\www\tpdemo\Application\Api\Controller\IndexController.class.php 第 4 行.

[ 2018-03-14T16:09:59+08:00 ] 127.0.0.1 /Index/get
INFO: [ app_init ] --START--
INFO: Run Behavior\BuildLiteBehavior [ RunTime:0.000000s ]
INFO: [ app_init ] --END-- [ RunTime:0.001000s ]
INFO: [ app_begin ] --START--
INFO: Run Behavior\ReadHtmlCacheBehavior [ RunTime:0.001000s ]
INFO: [ app_begin ] --END-- [ RunTime:0.001000s ]
NOTIC: [2048] Declaration of Api\Controller\IndexController::get() should be compatible with Think\Controller::get($name = '') D:\wamp\www\tpdemo\Application\Api\Controller\IndexController.class.php 第 4 行.

[ 2018-03-14T16:09:59+08:00 ] 127.0.0.1 /Index/get
INFO: [ app_init ] --START--
INFO: Run Behavior\BuildLiteBehavior [ RunTime:0.000000s ]
INFO: [ app_init ] --END-- [ RunTime:0.000000s ]
INFO: [ app_begin ] --START--
INFO: Run Behavior\ReadHtmlCacheBehavior [ RunTime:0.001000s ]
INFO: [ app_begin ] --END-- [ RunTime:0.001000s ]
NOTIC: [2048] Declaration of Api\Controller\IndexController::get() should be compatible with Think\Controller::get($name = '') D:\wamp\www\tpdemo\Application\Api\Controller\IndexController.class.php 第 4 行.

[ 2018-03-14T16:10:00+08:00 ] 127.0.0.1 /Index/get
INFO: [ app_init ] --START--
INFO: Run Behavior\BuildLiteBehavior [ RunTime:0.000000s ]
INFO: [ app_init ] --END-- [ RunTime:0.000000s ]
INFO: [ app_begin ] --START--
INFO: Run Behavior\ReadHtmlCacheBehavior [ RunTime:0.001000s ]
INFO: [ app_begin ] --END-- [ RunTime:0.001000s ]
NOTIC: [2048] Declaration of Api\Controller\IndexController::get() should be compatible with Think\Controller::get($name = '') D:\wamp\www\tpdemo\Application\Api\Controller\IndexController.class.php 第 4 行.

[ 2018-03-14T16:10:00+08:00 ] 127.0.0.1 /Index/get
INFO: [ app_init ] --START--
INFO: Run Behavior\BuildLiteBehavior [ RunTime:0.000000s ]
INFO: [ app_init ] --END-- [ RunTime:0.001000s ]
INFO: [ app_begin ] --START--
INFO: Run Behavior\ReadHtmlCacheBehavior [ RunTime:0.000000s ]
INFO: [ app_begin ] --END-- [ RunTime:0.001000s ]
NOTIC: [2048] Declaration of Api\Controller\IndexController::get() should be compatible with Think\Controller::get($name = '') D:\wamp\www\tpdemo\Application\Api\Controller\IndexController.class.php 第 4 行.

[ 2018-03-14T16:11:14+08:00 ] 127.0.0.1 /Index/get
INFO: [ app_init ] --START--
INFO: Run Behavior\BuildLiteBehavior [ RunTime:0.000000s ]
INFO: [ app_init ] --END-- [ RunTime:0.000000s ]
INFO: [ app_begin ] --START--
INFO: Run Behavior\ReadHtmlCacheBehavior [ RunTime:0.001000s ]
INFO: [ app_begin ] --END-- [ RunTime:0.001000s ]
NOTIC: [2048] Declaration of Api\Controller\IndexController::get() should be compatible with Think\Controller::get($name = '') D:\wamp\www\tpdemo\Application\Api\Controller\IndexController.class.php 第 4 行.

[ 2018-03-14T16:11:52+08:00 ] 127.0.0.1 /Index/get
INFO: [ app_init ] --START--
INFO: Run Behavior\BuildLiteBehavior [ RunTime:0.000000s ]
INFO: [ app_init ] --END-- [ RunTime:0.001000s ]
INFO: [ app_begin ] --START--
INFO: Run Behavior\ReadHtmlCacheBehavior [ RunTime:0.000000s ]
INFO: [ app_begin ] --END-- [ RunTime:0.000000s ]
NOTIC: [2048] Declaration of Api\Controller\IndexController::get() should be compatible with Think\Controller::get($name = '') D:\wamp\www\tpdemo\Application\Api\Controller\IndexController.class.php 第 4 行.

[ 2018-03-14T16:11:53+08:00 ] 127.0.0.1 /Index/get
INFO: [ app_init ] --START--
INFO: Run Behavior\BuildLiteBehavior [ RunTime:0.000000s ]
INFO: [ app_init ] --END-- [ RunTime:0.001000s ]
INFO: [ app_begin ] --START--
INFO: Run Behavior\ReadHtmlCacheBehavior [ RunTime:0.001000s ]
INFO: [ app_begin ] --END-- [ RunTime:0.001000s ]
NOTIC: [2048] Declaration of Api\Controller\IndexController::get() should be compatible with Think\Controller::get($name = '') D:\wamp\www\tpdemo\Application\Api\Controller\IndexController.class.php 第 4 行.

[ 2018-03-14T16:11:53+08:00 ] 127.0.0.1 /Index/get
INFO: [ app_init ] --START--
INFO: Run Behavior\BuildLiteBehavior [ RunTime:0.000000s ]
INFO: [ app_init ] --END-- [ RunTime:0.001000s ]
INFO: [ app_begin ] --START--
INFO: Run Behavior\ReadHtmlCacheBehavior [ RunTime:0.000000s ]
INFO: [ app_begin ] --END-- [ RunTime:0.000000s ]
NOTIC: [2048] Declaration of Api\Controller\IndexController::get() should be compatible with Think\Controller::get($name = '') D:\wamp\www\tpdemo\Application\Api\Controller\IndexController.class.php 第 4 行.

[ 2018-03-14T16:11:53+08:00 ] 127.0.0.1 /Index/get
INFO: [ app_init ] --START--
INFO: Run Behavior\BuildLiteBehavior [ RunTime:0.000000s ]
INFO: [ app_init ] --END-- [ RunTime:0.000000s ]
INFO: [ app_begin ] --START--
INFO: Run Behavior\ReadHtmlCacheBehavior [ RunTime:0.000000s ]
INFO: [ app_begin ] --END-- [ RunTime:0.000000s ]
NOTIC: [2048] Declaration of Api\Controller\IndexController::get() should be compatible with Think\Controller::get($name = '') D:\wamp\www\tpdemo\Application\Api\Controller\IndexController.class.php 第 4 行.

[ 2018-03-14T16:11:54+08:00 ] 127.0.0.1 /Index/get
INFO: [ app_init ] --START--
INFO: Run Behavior\BuildLiteBehavior [ RunTime:0.000000s ]
INFO: [ app_init ] --END-- [ RunTime:0.001000s ]
INFO: [ app_begin ] --START--
INFO: Run Behavior\ReadHtmlCacheBehavior [ RunTime:0.001000s ]
INFO: [ app_begin ] --END-- [ RunTime:0.001000s ]
NOTIC: [2048] Declaration of Api\Controller\IndexController::get() should be compatible with Think\Controller::get($name = '') D:\wamp\www\tpdemo\Application\Api\Controller\IndexController.class.php 第 4 行.

[ 2018-03-14T16:12:22+08:00 ] 127.0.0.1 /Index/get
INFO: [ app_init ] --START--
INFO: Run Behavior\BuildLiteBehavior [ RunTime:0.000000s ]
INFO: [ app_init ] --END-- [ RunTime:0.001000s ]
INFO: [ app_begin ] --START--
INFO: Run Behavior\ReadHtmlCacheBehavior [ RunTime:0.001000s ]
INFO: [ app_begin ] --END-- [ RunTime:0.001000s ]
NOTIC: [2048] Declaration of Api\Controller\IndexController::get() should be compatible with Think\Controller::get($name = '') D:\wamp\www\tpdemo\Application\Api\Controller\IndexController.class.php 第 4 行.

[ 2018-03-14T16:12:23+08:00 ] 127.0.0.1 /Index/get
INFO: [ app_init ] --START--
INFO: Run Behavior\BuildLiteBehavior [ RunTime:0.000000s ]
INFO: [ app_init ] --END-- [ RunTime:0.001001s ]
INFO: [ app_begin ] --START--
INFO: Run Behavior\ReadHtmlCacheBehavior [ RunTime:0.001000s ]
INFO: [ app_begin ] --END-- [ RunTime:0.001000s ]
NOTIC: [2048] Declaration of Api\Controller\IndexController::get() should be compatible with Think\Controller::get($name = '') D:\wamp\www\tpdemo\Application\Api\Controller\IndexController.class.php 第 4 行.

[ 2018-03-14T16:12:23+08:00 ] 127.0.0.1 /Index/get
INFO: [ app_init ] --START--
INFO: Run Behavior\BuildLiteBehavior [ RunTime:0.000000s ]
INFO: [ app_init ] --END-- [ RunTime:0.000000s ]
INFO: [ app_begin ] --START--
INFO: Run Behavior\ReadHtmlCacheBehavior [ RunTime:0.001000s ]
INFO: [ app_begin ] --END-- [ RunTime:0.001000s ]
NOTIC: [2048] Declaration of Api\Controller\IndexController::get() should be compatible with Think\Controller::get($name = '') D:\wamp\www\tpdemo\Application\Api\Controller\IndexController.class.php 第 4 行.

[ 2018-03-14T16:12:32+08:00 ] 127.0.0.1 /Index/get
INFO: [ app_init ] --START--
INFO: Run Behavior\BuildLiteBehavior [ RunTime:0.000000s ]
INFO: [ app_init ] --END-- [ RunTime:0.000000s ]
INFO: [ app_begin ] --START--
INFO: Run Behavior\ReadHtmlCacheBehavior [ RunTime:0.001000s ]
INFO: [ app_begin ] --END-- [ RunTime:0.001000s ]
NOTIC: [2048] Declaration of Api\Controller\IndexController::get() should be compatible with Think\Controller::get($name = '') D:\wamp\www\tpdemo\Application\Api\Controller\IndexController.class.php 第 4 行.

[ 2018-03-14T16:12:33+08:00 ] 127.0.0.1 /Index/get
INFO: [ app_init ] --START--
INFO: Run Behavior\BuildLiteBehavior [ RunTime:0.000000s ]
INFO: [ app_init ] --END-- [ RunTime:0.000000s ]
INFO: [ app_begin ] --START--
INFO: Run Behavior\ReadHtmlCacheBehavior [ RunTime:0.001000s ]
INFO: [ app_begin ] --END-- [ RunTime:0.001000s ]
NOTIC: [2048] Declaration of Api\Controller\IndexController::get() should be compatible with Think\Controller::get($name = '') D:\wamp\www\tpdemo\Application\Api\Controller\IndexController.class.php 第 4 行.

[ 2018-03-14T16:12:38+08:00 ] 127.0.0.1 /Index/get
INFO: [ app_init ] --START--
INFO: Run Behavior\BuildLiteBehavior [ RunTime:0.000000s ]
INFO: [ app_init ] --END-- [ RunTime:0.001000s ]
INFO: [ app_begin ] --START--
INFO: Run Behavior\ReadHtmlCacheBehavior [ RunTime:0.000000s ]
INFO: [ app_begin ] --END-- [ RunTime:0.001000s ]
NOTIC: [2048] Declaration of Api\Controller\IndexController::get() should be compatible with Think\Controller::get($name = '') D:\wamp\www\tpdemo\Application\Api\Controller\IndexController.class.php 第 4 行.

[ 2018-03-14T16:12:39+08:00 ] 127.0.0.1 /Index/get
INFO: [ app_init ] --START--
INFO: Run Behavior\BuildLiteBehavior [ RunTime:0.000000s ]
INFO: [ app_init ] --END-- [ RunTime:0.000000s ]
INFO: [ app_begin ] --START--
INFO: Run Behavior\ReadHtmlCacheBehavior [ RunTime:0.001000s ]
INFO: [ app_begin ] --END-- [ RunTime:0.001000s ]
NOTIC: [2048] Declaration of Api\Controller\IndexController::get() should be compatible with Think\Controller::get($name = '') D:\wamp\www\tpdemo\Application\Api\Controller\IndexController.class.php 第 4 行.

[ 2018-03-14T16:12:39+08:00 ] 127.0.0.1 /Index/get
INFO: [ app_init ] --START--
INFO: Run Behavior\BuildLiteBehavior [ RunTime:0.000000s ]
INFO: [ app_init ] --END-- [ RunTime:0.000000s ]
INFO: [ app_begin ] --START--
INFO: Run Behavior\ReadHtmlCacheBehavior [ RunTime:0.001000s ]
INFO: [ app_begin ] --END-- [ RunTime:0.001000s ]
NOTIC: [2048] Declaration of Api\Controller\IndexController::get() should be compatible with Think\Controller::get($name = '') D:\wamp\www\tpdemo\Application\Api\Controller\IndexController.class.php 第 4 行.

[ 2018-03-14T16:13:00+08:00 ] 127.0.0.1 /Index/get
INFO: [ app_init ] --START--
INFO: Run Behavior\BuildLiteBehavior [ RunTime:0.000000s ]
INFO: [ app_init ] --END-- [ RunTime:0.000000s ]
INFO: [ app_begin ] --START--
INFO: Run Behavior\ReadHtmlCacheBehavior [ RunTime:0.001000s ]
INFO: [ app_begin ] --END-- [ RunTime:0.001000s ]
NOTIC: [2048] Declaration of Api\Controller\IndexController::get() should be compatible with Think\Controller::get($name = '') D:\wamp\www\tpdemo\Application\Api\Controller\IndexController.class.php 第 4 行.

[ 2018-03-14T16:13:01+08:00 ] 127.0.0.1 /Index/get
INFO: [ app_init ] --START--
INFO: Run Behavior\BuildLiteBehavior [ RunTime:0.000000s ]
INFO: [ app_init ] --END-- [ RunTime:0.001000s ]
INFO: [ app_begin ] --START--
INFO: Run Behavior\ReadHtmlCacheBehavior [ RunTime:0.001000s ]
INFO: [ app_begin ] --END-- [ RunTime:0.001000s ]
NOTIC: [2048] Declaration of Api\Controller\IndexController::get() should be compatible with Think\Controller::get($name = '') D:\wamp\www\tpdemo\Application\Api\Controller\IndexController.class.php 第 4 行.

[ 2018-03-14T16:13:54+08:00 ] 127.0.0.1 /Index/get
INFO: [ app_init ] --START--
INFO: Run Behavior\BuildLiteBehavior [ RunTime:0.000000s ]
INFO: [ app_init ] --END-- [ RunTime:0.000000s ]
INFO: [ app_begin ] --START--
INFO: Run Behavior\ReadHtmlCacheBehavior [ RunTime:0.001000s ]
INFO: [ app_begin ] --END-- [ RunTime:0.001000s ]
NOTIC: [2048] Declaration of Api\Controller\IndexController::get() should be compatible with Think\Controller::get($name = '') D:\wamp\www\tpdemo\Application\Api\Controller\IndexController.class.php 第 4 行.

[ 2018-03-14T16:13:55+08:00 ] 127.0.0.1 /Index/get
INFO: [ app_init ] --START--
INFO: Run Behavior\BuildLiteBehavior [ RunTime:0.000000s ]
INFO: [ app_init ] --END-- [ RunTime:0.001001s ]
INFO: [ app_begin ] --START--
INFO: Run Behavior\ReadHtmlCacheBehavior [ RunTime:0.001000s ]
INFO: [ app_begin ] --END-- [ RunTime:0.001000s ]
NOTIC: [2048] Declaration of Api\Controller\IndexController::get() should be compatible with Think\Controller::get($name = '') D:\wamp\www\tpdemo\Application\Api\Controller\IndexController.class.php 第 4 行.

[ 2018-03-14T16:13:55+08:00 ] 127.0.0.1 /Index/get
INFO: [ app_init ] --START--
INFO: Run Behavior\BuildLiteBehavior [ RunTime:0.000000s ]
INFO: [ app_init ] --END-- [ RunTime:0.001000s ]
INFO: [ app_begin ] --START--
INFO: Run Behavior\ReadHtmlCacheBehavior [ RunTime:0.000000s ]
INFO: [ app_begin ] --END-- [ RunTime:0.000000s ]
NOTIC: [2048] Declaration of Api\Controller\IndexController::get() should be compatible with Think\Controller::get($name = '') D:\wamp\www\tpdemo\Application\Api\Controller\IndexController.class.php 第 4 行.

[ 2018-03-14T16:13:56+08:00 ] 127.0.0.1 /Index/get
INFO: [ app_init ] --START--
INFO: Run Behavior\BuildLiteBehavior [ RunTime:0.000000s ]
INFO: [ app_init ] --END-- [ RunTime:0.000000s ]
INFO: [ app_begin ] --START--
INFO: Run Behavior\ReadHtmlCacheBehavior [ RunTime:0.001000s ]
INFO: [ app_begin ] --END-- [ RunTime:0.001000s ]
NOTIC: [2048] Declaration of Api\Controller\IndexController::get() should be compatible with Think\Controller::get($name = '') D:\wamp\www\tpdemo\Application\Api\Controller\IndexController.class.php 第 4 行.

[ 2018-03-14T16:13:56+08:00 ] 127.0.0.1 /Index/get
INFO: [ app_init ] --START--
INFO: Run Behavior\BuildLiteBehavior [ RunTime:0.000000s ]
INFO: [ app_init ] --END-- [ RunTime:0.001000s ]
INFO: [ app_begin ] --START--
INFO: Run Behavior\ReadHtmlCacheBehavior [ RunTime:0.000000s ]
INFO: [ app_begin ] --END-- [ RunTime:0.000000s ]
NOTIC: [2048] Declaration of Api\Controller\IndexController::get() should be compatible with Think\Controller::get($name = '') D:\wamp\www\tpdemo\Application\Api\Controller\IndexController.class.php 第 4 行.

[ 2018-03-14T16:13:56+08:00 ] 127.0.0.1 /Index/get
INFO: [ app_init ] --START--
INFO: Run Behavior\BuildLiteBehavior [ RunTime:0.000000s ]
INFO: [ app_init ] --END-- [ RunTime:0.000000s ]
INFO: [ app_begin ] --START--
INFO: Run Behavior\ReadHtmlCacheBehavior [ RunTime:0.001000s ]
INFO: [ app_begin ] --END-- [ RunTime:0.001000s ]
NOTIC: [2048] Declaration of Api\Controller\IndexController::get() should be compatible with Think\Controller::get($name = '') D:\wamp\www\tpdemo\Application\Api\Controller\IndexController.class.php 第 4 行.

[ 2018-03-14T16:13:56+08:00 ] 127.0.0.1 /Index/get
INFO: [ app_init ] --START--
INFO: Run Behavior\BuildLiteBehavior [ RunTime:0.000000s ]
INFO: [ app_init ] --END-- [ RunTime:0.000000s ]
INFO: [ app_begin ] --START--
INFO: Run Behavior\ReadHtmlCacheBehavior [ RunTime:0.001000s ]
INFO: [ app_begin ] --END-- [ RunTime:0.001000s ]
NOTIC: [2048] Declaration of Api\Controller\IndexController::get() should be compatible with Think\Controller::get($name = '') D:\wamp\www\tpdemo\Application\Api\Controller\IndexController.class.php 第 4 行.

[ 2018-03-14T16:13:57+08:00 ] 127.0.0.1 /Index/get
INFO: [ app_init ] --START--
INFO: Run Behavior\BuildLiteBehavior [ RunTime:0.000000s ]
INFO: [ app_init ] --END-- [ RunTime:0.001000s ]
INFO: [ app_begin ] --START--
INFO: Run Behavior\ReadHtmlCacheBehavior [ RunTime:0.000000s ]
INFO: [ app_begin ] --END-- [ RunTime:0.000000s ]
NOTIC: [2048] Declaration of Api\Controller\IndexController::get() should be compatible with Think\Controller::get($name = '') D:\wamp\www\tpdemo\Application\Api\Controller\IndexController.class.php 第 4 行.

[ 2018-03-14T16:13:57+08:00 ] 127.0.0.1 /Index/get
INFO: [ app_init ] --START--
INFO: Run Behavior\BuildLiteBehavior [ RunTime:0.000000s ]
INFO: [ app_init ] --END-- [ RunTime:0.000000s ]
INFO: [ app_begin ] --START--
INFO: Run Behavior\ReadHtmlCacheBehavior [ RunTime:0.001000s ]
INFO: [ app_begin ] --END-- [ RunTime:0.001000s ]
NOTIC: [2048] Declaration of Api\Controller\IndexController::get() should be compatible with Think\Controller::get($name = '') D:\wamp\www\tpdemo\Application\Api\Controller\IndexController.class.php 第 4 行.

[ 2018-03-14T16:13:57+08:00 ] 127.0.0.1 /Index/get
INFO: [ app_init ] --START--
INFO: Run Behavior\BuildLiteBehavior [ RunTime:0.000000s ]
INFO: [ app_init ] --END-- [ RunTime:0.000000s ]
INFO: [ app_begin ] --START--
INFO: Run Behavior\ReadHtmlCacheBehavior [ RunTime:0.001000s ]
INFO: [ app_begin ] --END-- [ RunTime:0.001000s ]
NOTIC: [2048] Declaration of Api\Controller\IndexController::get() should be compatible with Think\Controller::get($name = '') D:\wamp\www\tpdemo\Application\Api\Controller\IndexController.class.php 第 4 行.

[ 2018-03-14T16:13:57+08:00 ] 127.0.0.1 /Index/get
INFO: [ app_init ] --START--
INFO: Run Behavior\BuildLiteBehavior [ RunTime:0.000000s ]
INFO: [ app_init ] --END-- [ RunTime:0.001001s ]
INFO: [ app_begin ] --START--
INFO: Run Behavior\ReadHtmlCacheBehavior [ RunTime:0.000000s ]
INFO: [ app_begin ] --END-- [ RunTime:0.000000s ]
NOTIC: [2048] Declaration of Api\Controller\IndexController::get() should be compatible with Think\Controller::get($name = '') D:\wamp\www\tpdemo\Application\Api\Controller\IndexController.class.php 第 4 行.

[ 2018-03-14T16:13:57+08:00 ] 127.0.0.1 /Index/get
INFO: [ app_init ] --START--
INFO: Run Behavior\BuildLiteBehavior [ RunTime:0.001000s ]
INFO: [ app_init ] --END-- [ RunTime:0.001000s ]
INFO: [ app_begin ] --START--
INFO: Run Behavior\ReadHtmlCacheBehavior [ RunTime:0.000000s ]
INFO: [ app_begin ] --END-- [ RunTime:0.001000s ]
NOTIC: [2048] Declaration of Api\Controller\IndexController::get() should be compatible with Think\Controller::get($name = '') D:\wamp\www\tpdemo\Application\Api\Controller\IndexController.class.php 第 4 行.

[ 2018-03-14T16:13:58+08:00 ] 127.0.0.1 /Index/get
INFO: [ app_init ] --START--
INFO: Run Behavior\BuildLiteBehavior [ RunTime:0.000000s ]
INFO: [ app_init ] --END-- [ RunTime:0.001000s ]
INFO: [ app_begin ] --START--
INFO: Run Behavior\ReadHtmlCacheBehavior [ RunTime:0.000000s ]
INFO: [ app_begin ] --END-- [ RunTime:0.000000s ]
NOTIC: [2048] Declaration of Api\Controller\IndexController::get() should be compatible with Think\Controller::get($name = '') D:\wamp\www\tpdemo\Application\Api\Controller\IndexController.class.php 第 4 行.

[ 2018-03-14T16:14:34+08:00 ] 127.0.0.1 /
INFO: [ app_init ] --START--
INFO: Run Behavior\BuildLiteBehavior [ RunTime:0.000000s ]
INFO: [ app_init ] --END-- [ RunTime:0.000000s ]
INFO: [ app_begin ] --START--
INFO: Run Behavior\ReadHtmlCacheBehavior [ RunTime:0.001000s ]
INFO: [ app_begin ] --END-- [ RunTime:0.001000s ]
NOTIC: [2048] Declaration of Api\Controller\IndexController::get() should be compatible with Think\Controller::get($name = '') D:\wamp\www\tpdemo\Application\Api\Controller\IndexController.class.php 第 4 行.
ERR: 非法操作:index

[ 2018-03-14T16:14:34+08:00 ] 127.0.0.1 /favicon.ico
INFO: [ app_init ] --START--
INFO: Run Behavior\BuildLiteBehavior [ RunTime:0.000000s ]
INFO: [ app_init ] --END-- [ RunTime:0.000000s ]

[ 2018-03-14T16:14:37+08:00 ] 127.0.0.1 /Index/get
INFO: [ app_init ] --START--
INFO: Run Behavior\BuildLiteBehavior [ RunTime:0.000000s ]
INFO: [ app_init ] --END-- [ RunTime:0.001000s ]
INFO: [ app_begin ] --START--
INFO: Run Behavior\ReadHtmlCacheBehavior [ RunTime:0.001000s ]
INFO: [ app_begin ] --END-- [ RunTime:0.001000s ]
NOTIC: [2048] Declaration of Api\Controller\IndexController::get() should be compatible with Think\Controller::get($name = '') D:\wamp\www\tpdemo\Application\Api\Controller\IndexController.class.php 第 4 行.

[ 2018-03-14T16:14:47+08:00 ] 127.0.0.1 /Index/get
INFO: [ app_init ] --START--
INFO: Run Behavior\BuildLiteBehavior [ RunTime:0.000000s ]
INFO: [ app_init ] --END-- [ RunTime:0.001000s ]
INFO: [ app_begin ] --START--
INFO: Run Behavior\ReadHtmlCacheBehavior [ RunTime:0.001000s ]
INFO: [ app_begin ] --END-- [ RunTime:0.001000s ]
NOTIC: [2048] Declaration of Api\Controller\IndexController::get() should be compatible with Think\Controller::get($name = '') D:\wamp\www\tpdemo\Application\Api\Controller\IndexController.class.php 第 4 行.

[ 2018-03-14T16:14:48+08:00 ] 127.0.0.1 /Index/get
INFO: [ app_init ] --START--
INFO: Run Behavior\BuildLiteBehavior [ RunTime:0.000000s ]
INFO: [ app_init ] --END-- [ RunTime:0.000000s ]
INFO: [ app_begin ] --START--
INFO: Run Behavior\ReadHtmlCacheBehavior [ RunTime:0.001000s ]
INFO: [ app_begin ] --END-- [ RunTime:0.001000s ]
NOTIC: [2048] Declaration of Api\Controller\IndexController::get() should be compatible with Think\Controller::get($name = '') D:\wamp\www\tpdemo\Application\Api\Controller\IndexController.class.php 第 4 行.

[ 2018-03-14T16:14:48+08:00 ] 127.0.0.1 /Index/get
INFO: [ app_init ] --START--
INFO: Run Behavior\BuildLiteBehavior [ RunTime:0.000000s ]
INFO: [ app_init ] --END-- [ RunTime:0.000000s ]
INFO: [ app_begin ] --START--
INFO: Run Behavior\ReadHtmlCacheBehavior [ RunTime:0.001000s ]
INFO: [ app_begin ] --END-- [ RunTime:0.001000s ]
NOTIC: [2048] Declaration of Api\Controller\IndexController::get() should be compatible with Think\Controller::get($name = '') D:\wamp\www\tpdemo\Application\Api\Controller\IndexController.class.php 第 4 行.

[ 2018-03-14T16:14:49+08:00 ] 127.0.0.1 /Index/get
INFO: [ app_init ] --START--
INFO: Run Behavior\BuildLiteBehavior [ RunTime:0.000000s ]
INFO: [ app_init ] --END-- [ RunTime:0.000000s ]
INFO: [ app_begin ] --START--
INFO: Run Behavior\ReadHtmlCacheBehavior [ RunTime:0.001000s ]
INFO: [ app_begin ] --END-- [ RunTime:0.001000s ]
NOTIC: [2048] Declaration of Api\Controller\IndexController::get() should be compatible with Think\Controller::get($name = '') D:\wamp\www\tpdemo\Application\Api\Controller\IndexController.class.php 第 4 行.

[ 2018-03-14T16:14:49+08:00 ] 127.0.0.1 /Index/get
INFO: [ app_init ] --START--
INFO: Run Behavior\BuildLiteBehavior [ RunTime:0.000000s ]
INFO: [ app_init ] --END-- [ RunTime:0.000000s ]
INFO: [ app_begin ] --START--
INFO: Run Behavior\ReadHtmlCacheBehavior [ RunTime:0.000000s ]
INFO: [ app_begin ] --END-- [ RunTime:0.000000s ]
NOTIC: [2048] Declaration of Api\Controller\IndexController::get() should be compatible with Think\Controller::get($name = '') D:\wamp\www\tpdemo\Application\Api\Controller\IndexController.class.php 第 4 行.

[ 2018-03-14T16:14:50+08:00 ] 127.0.0.1 /Index/get
INFO: [ app_init ] --START--
INFO: Run Behavior\BuildLiteBehavior [ RunTime:0.000000s ]
INFO: [ app_init ] --END-- [ RunTime:0.001000s ]
INFO: [ app_begin ] --START--
INFO: Run Behavior\ReadHtmlCacheBehavior [ RunTime:0.001000s ]
INFO: [ app_begin ] --END-- [ RunTime:0.001000s ]
NOTIC: [2048] Declaration of Api\Controller\IndexController::get() should be compatible with Think\Controller::get($name = '') D:\wamp\www\tpdemo\Application\Api\Controller\IndexController.class.php 第 4 行.

[ 2018-03-14T16:14:50+08:00 ] 127.0.0.1 /Index/get
INFO: [ app_init ] --START--
INFO: Run Behavior\BuildLiteBehavior [ RunTime:0.000000s ]
INFO: [ app_init ] --END-- [ RunTime:0.000000s ]
INFO: [ app_begin ] --START--
INFO: Run Behavior\ReadHtmlCacheBehavior [ RunTime:0.000000s ]
INFO: [ app_begin ] --END-- [ RunTime:0.000000s ]
NOTIC: [2048] Declaration of Api\Controller\IndexController::get() should be compatible with Think\Controller::get($name = '') D:\wamp\www\tpdemo\Application\Api\Controller\IndexController.class.php 第 4 行.

[ 2018-03-14T16:14:50+08:00 ] 127.0.0.1 /Index/get
INFO: [ app_init ] --START--
INFO: Run Behavior\BuildLiteBehavior [ RunTime:0.000000s ]
INFO: [ app_init ] --END-- [ RunTime:0.000000s ]
INFO: [ app_begin ] --START--
INFO: Run Behavior\ReadHtmlCacheBehavior [ RunTime:0.000000s ]
INFO: [ app_begin ] --END-- [ RunTime:0.000000s ]
NOTIC: [2048] Declaration of Api\Controller\IndexController::get() should be compatible with Think\Controller::get($name = '') D:\wamp\www\tpdemo\Application\Api\Controller\IndexController.class.php 第 4 行.

[ 2018-03-14T16:14:51+08:00 ] 127.0.0.1 /Index/get
INFO: [ app_init ] --START--
INFO: Run Behavior\BuildLiteBehavior [ RunTime:0.000000s ]
INFO: [ app_init ] --END-- [ RunTime:0.001000s ]
INFO: [ app_begin ] --START--
INFO: Run Behavior\ReadHtmlCacheBehavior [ RunTime:0.001000s ]
INFO: [ app_begin ] --END-- [ RunTime:0.001000s ]
NOTIC: [2048] Declaration of Api\Controller\IndexController::get() should be compatible with Think\Controller::get($name = '') D:\wamp\www\tpdemo\Application\Api\Controller\IndexController.class.php 第 4 行.

[ 2018-03-14T16:14:51+08:00 ] 127.0.0.1 /Index/get
INFO: [ app_init ] --START--
INFO: Run Behavior\BuildLiteBehavior [ RunTime:0.000000s ]
INFO: [ app_init ] --END-- [ RunTime:0.000000s ]
INFO: [ app_begin ] --START--
INFO: Run Behavior\ReadHtmlCacheBehavior [ RunTime:0.000000s ]
INFO: [ app_begin ] --END-- [ RunTime:0.001000s ]
NOTIC: [2048] Declaration of Api\Controller\IndexController::get() should be compatible with Think\Controller::get($name = '') D:\wamp\www\tpdemo\Application\Api\Controller\IndexController.class.php 第 4 行.

[ 2018-03-14T16:14:52+08:00 ] 127.0.0.1 /Index/get
INFO: [ app_init ] --START--
INFO: Run Behavior\BuildLiteBehavior [ RunTime:0.000000s ]
INFO: [ app_init ] --END-- [ RunTime:0.000000s ]
INFO: [ app_begin ] --START--
INFO: Run Behavior\ReadHtmlCacheBehavior [ RunTime:0.001000s ]
INFO: [ app_begin ] --END-- [ RunTime:0.001000s ]
NOTIC: [2048] Declaration of Api\Controller\IndexController::get() should be compatible with Think\Controller::get($name = '') D:\wamp\www\tpdemo\Application\Api\Controller\IndexController.class.php 第 4 行.

[ 2018-03-14T16:14:52+08:00 ] 127.0.0.1 /Index/get
INFO: [ app_init ] --START--
INFO: Run Behavior\BuildLiteBehavior [ RunTime:0.000000s ]
INFO: [ app_init ] --END-- [ RunTime:0.001000s ]
INFO: [ app_begin ] --START--
INFO: Run Behavior\ReadHtmlCacheBehavior [ RunTime:0.001000s ]
INFO: [ app_begin ] --END-- [ RunTime:0.001000s ]
NOTIC: [2048] Declaration of Api\Controller\IndexController::get() should be compatible with Think\Controller::get($name = '') D:\wamp\www\tpdemo\Application\Api\Controller\IndexController.class.php 第 4 行.

[ 2018-03-14T16:14:53+08:00 ] 127.0.0.1 /favicon.ico
INFO: [ app_init ] --START--
INFO: Run Behavior\BuildLiteBehavior [ RunTime:0.000000s ]
INFO: [ app_init ] --END-- [ RunTime:0.000000s ]

[ 2018-03-14T16:14:55+08:00 ] 127.0.0.1 /Index/get
INFO: [ app_init ] --START--
INFO: Run Behavior\BuildLiteBehavior [ RunTime:0.000000s ]
INFO: [ app_init ] --END-- [ RunTime:0.001000s ]
INFO: [ app_begin ] --START--
INFO: Run Behavior\ReadHtmlCacheBehavior [ RunTime:0.001000s ]
INFO: [ app_begin ] --END-- [ RunTime:0.001000s ]
NOTIC: [2048] Declaration of Api\Controller\IndexController::get() should be compatible with Think\Controller::get($name = '') D:\wamp\www\tpdemo\Application\Api\Controller\IndexController.class.php 第 4 行.

[ 2018-03-14T16:15:34+08:00 ] 127.0.0.1 /Index/get
INFO: [ app_init ] --START--
INFO: Run Behavior\BuildLiteBehavior [ RunTime:0.000000s ]
INFO: [ app_init ] --END-- [ RunTime:0.000000s ]
INFO: [ app_begin ] --START--
INFO: Run Behavior\ReadHtmlCacheBehavior [ RunTime:0.001000s ]
INFO: [ app_begin ] --END-- [ RunTime:0.001000s ]
NOTIC: [2048] Declaration of Api\Controller\IndexController::get() should be compatible with Think\Controller::get($name = '') D:\wamp\www\tpdemo\Application\Api\Controller\IndexController.class.php 第 4 行.

[ 2018-03-14T16:15:43+08:00 ] 127.0.0.1 /Index/get
INFO: [ app_init ] --START--
INFO: Run Behavior\BuildLiteBehavior [ RunTime:0.000000s ]
INFO: [ app_init ] --END-- [ RunTime:0.001000s ]
INFO: [ app_begin ] --START--
INFO: Run Behavior\ReadHtmlCacheBehavior [ RunTime:0.000000s ]
INFO: [ app_begin ] --END-- [ RunTime:0.000000s ]
NOTIC: [2048] Declaration of Api\Controller\IndexController::get() should be compatible with Think\Controller::get($name = '') D:\wamp\www\tpdemo\Application\Api\Controller\IndexController.class.php 第 4 行.

[ 2018-03-14T16:15:44+08:00 ] 127.0.0.1 /Index/get
INFO: [ app_init ] --START--
INFO: Run Behavior\BuildLiteBehavior [ RunTime:0.000000s ]
INFO: [ app_init ] --END-- [ RunTime:0.000000s ]
INFO: [ app_begin ] --START--
INFO: Run Behavior\ReadHtmlCacheBehavior [ RunTime:0.001000s ]
INFO: [ app_begin ] --END-- [ RunTime:0.001000s ]
NOTIC: [2048] Declaration of Api\Controller\IndexController::get() should be compatible with Think\Controller::get($name = '') D:\wamp\www\tpdemo\Application\Api\Controller\IndexController.class.php 第 4 行.

[ 2018-03-14T16:15:44+08:00 ] 127.0.0.1 /Index/get
INFO: [ app_init ] --START--
INFO: Run Behavior\BuildLiteBehavior [ RunTime:0.000000s ]
INFO: [ app_init ] --END-- [ RunTime:0.000000s ]
INFO: [ app_begin ] --START--
INFO: Run Behavior\ReadHtmlCacheBehavior [ RunTime:0.000000s ]
INFO: [ app_begin ] --END-- [ RunTime:0.001000s ]
NOTIC: [2048] Declaration of Api\Controller\IndexController::get() should be compatible with Think\Controller::get($name = '') D:\wamp\www\tpdemo\Application\Api\Controller\IndexController.class.php 第 4 行.

[ 2018-03-14T16:15:45+08:00 ] 127.0.0.1 /Index/get
INFO: [ app_init ] --START--
INFO: Run Behavior\BuildLiteBehavior [ RunTime:0.000000s ]
INFO: [ app_init ] --END-- [ RunTime:0.000000s ]
INFO: [ app_begin ] --START--
INFO: Run Behavior\ReadHtmlCacheBehavior [ RunTime:0.001000s ]
INFO: [ app_begin ] --END-- [ RunTime:0.001000s ]
NOTIC: [2048] Declaration of Api\Controller\IndexController::get() should be compatible with Think\Controller::get($name = '') D:\wamp\www\tpdemo\Application\Api\Controller\IndexController.class.php 第 4 行.

[ 2018-03-14T16:15:45+08:00 ] 127.0.0.1 /Index/get
INFO: [ app_init ] --START--
INFO: Run Behavior\BuildLiteBehavior [ RunTime:0.000000s ]
INFO: [ app_init ] --END-- [ RunTime:0.001000s ]
INFO: [ app_begin ] --START--
INFO: Run Behavior\ReadHtmlCacheBehavior [ RunTime:0.001000s ]
INFO: [ app_begin ] --END-- [ RunTime:0.001000s ]
NOTIC: [2048] Declaration of Api\Controller\IndexController::get() should be compatible with Think\Controller::get($name = '') D:\wamp\www\tpdemo\Application\Api\Controller\IndexController.class.php 第 4 行.

[ 2018-03-14T16:15:45+08:00 ] 127.0.0.1 /Index/get
INFO: [ app_init ] --START--
INFO: Run Behavior\BuildLiteBehavior [ RunTime:0.000000s ]
INFO: [ app_init ] --END-- [ RunTime:0.001001s ]
INFO: [ app_begin ] --START--
INFO: Run Behavior\ReadHtmlCacheBehavior [ RunTime:0.002000s ]
INFO: [ app_begin ] --END-- [ RunTime:0.002000s ]
NOTIC: [2048] Declaration of Api\Controller\IndexController::get() should be compatible with Think\Controller::get($name = '') D:\wamp\www\tpdemo\Application\Api\Controller\IndexController.class.php 第 4 行.

[ 2018-03-14T16:16:07+08:00 ] 127.0.0.1 /Index/get
INFO: [ app_init ] --START--
INFO: Run Behavior\BuildLiteBehavior [ RunTime:0.000000s ]
INFO: [ app_init ] --END-- [ RunTime:0.001000s ]
INFO: [ app_begin ] --START--
INFO: Run Behavior\ReadHtmlCacheBehavior [ RunTime:0.001000s ]
INFO: [ app_begin ] --END-- [ RunTime:0.001000s ]
NOTIC: [2048] Declaration of Api\Controller\IndexController::get() should be compatible with Think\Controller::get($name = '') D:\wamp\www\tpdemo\Application\Api\Controller\IndexController.class.php 第 4 行.

[ 2018-03-14T16:16:08+08:00 ] 127.0.0.1 /Index/get
INFO: [ app_init ] --START--
INFO: Run Behavior\BuildLiteBehavior [ RunTime:0.000000s ]
INFO: [ app_init ] --END-- [ RunTime:0.000000s ]
INFO: [ app_begin ] --START--
INFO: Run Behavior\ReadHtmlCacheBehavior [ RunTime:0.001000s ]
INFO: [ app_begin ] --END-- [ RunTime:0.001000s ]
NOTIC: [2048] Declaration of Api\Controller\IndexController::get() should be compatible with Think\Controller::get($name = '') D:\wamp\www\tpdemo\Application\Api\Controller\IndexController.class.php 第 4 行.

[ 2018-03-14T16:16:09+08:00 ] 127.0.0.1 /Index/get
INFO: [ app_init ] --START--
INFO: Run Behavior\BuildLiteBehavior [ RunTime:0.000000s ]
INFO: [ app_init ] --END-- [ RunTime:0.000000s ]
INFO: [ app_begin ] --START--
INFO: Run Behavior\ReadHtmlCacheBehavior [ RunTime:0.001000s ]
INFO: [ app_begin ] --END-- [ RunTime:0.001000s ]
NOTIC: [2048] Declaration of Api\Controller\IndexController::get() should be compatible with Think\Controller::get($name = '') D:\wamp\www\tpdemo\Application\Api\Controller\IndexController.class.php 第 4 行.

[ 2018-03-14T16:16:09+08:00 ] 127.0.0.1 /Index/get
INFO: [ app_init ] --START--
INFO: Run Behavior\BuildLiteBehavior [ RunTime:0.000000s ]
INFO: [ app_init ] --END-- [ RunTime:0.001000s ]
INFO: [ app_begin ] --START--
INFO: Run Behavior\ReadHtmlCacheBehavior [ RunTime:0.001000s ]
INFO: [ app_begin ] --END-- [ RunTime:0.001000s ]
NOTIC: [2048] Declaration of Api\Controller\IndexController::get() should be compatible with Think\Controller::get($name = '') D:\wamp\www\tpdemo\Application\Api\Controller\IndexController.class.php 第 4 行.

[ 2018-03-14T16:16:10+08:00 ] 127.0.0.1 /Index/get
INFO: [ app_init ] --START--
INFO: Run Behavior\BuildLiteBehavior [ RunTime:0.000000s ]
INFO: [ app_init ] --END-- [ RunTime:0.001001s ]
INFO: [ app_begin ] --START--
INFO: Run Behavior\ReadHtmlCacheBehavior [ RunTime:0.001000s ]
INFO: [ app_begin ] --END-- [ RunTime:0.001000s ]
NOTIC: [2048] Declaration of Api\Controller\IndexController::get() should be compatible with Think\Controller::get($name = '') D:\wamp\www\tpdemo\Application\Api\Controller\IndexController.class.php 第 4 行.

[ 2018-03-14T16:16:10+08:00 ] 127.0.0.1 /Index/get
INFO: [ app_init ] --START--
INFO: Run Behavior\BuildLiteBehavior [ RunTime:0.000000s ]
INFO: [ app_init ] --END-- [ RunTime:0.000000s ]
INFO: [ app_begin ] --START--
INFO: Run Behavior\ReadHtmlCacheBehavior [ RunTime:0.001000s ]
INFO: [ app_begin ] --END-- [ RunTime:0.001000s ]
NOTIC: [2048] Declaration of Api\Controller\IndexController::get() should be compatible with Think\Controller::get($name = '') D:\wamp\www\tpdemo\Application\Api\Controller\IndexController.class.php 第 4 行.

[ 2018-03-14T16:16:11+08:00 ] 127.0.0.1 /Index/get
INFO: [ app_init ] --START--
INFO: Run Behavior\BuildLiteBehavior [ RunTime:0.000000s ]
INFO: [ app_init ] --END-- [ RunTime:0.001000s ]
INFO: [ app_begin ] --START--
INFO: Run Behavior\ReadHtmlCacheBehavior [ RunTime:0.001000s ]
INFO: [ app_begin ] --END-- [ RunTime:0.001000s ]
NOTIC: [2048] Declaration of Api\Controller\IndexController::get() should be compatible with Think\Controller::get($name = '') D:\wamp\www\tpdemo\Application\Api\Controller\IndexController.class.php 第 4 行.

[ 2018-03-14T16:16:11+08:00 ] 127.0.0.1 /Index/get
INFO: [ app_init ] --START--
INFO: Run Behavior\BuildLiteBehavior [ RunTime:0.000000s ]
INFO: [ app_init ] --END-- [ RunTime:0.001000s ]
INFO: [ app_begin ] --START--
INFO: Run Behavior\ReadHtmlCacheBehavior [ RunTime:0.000000s ]
INFO: [ app_begin ] --END-- [ RunTime:0.001000s ]
NOTIC: [2048] Declaration of Api\Controller\IndexController::get() should be compatible with Think\Controller::get($name = '') D:\wamp\www\tpdemo\Application\Api\Controller\IndexController.class.php 第 4 行.

[ 2018-03-14T16:16:57+08:00 ] 127.0.0.1 /Index/get
INFO: [ app_init ] --START--
INFO: Run Behavior\BuildLiteBehavior [ RunTime:0.000000s ]
INFO: [ app_init ] --END-- [ RunTime:0.001000s ]
INFO: [ app_begin ] --START--
INFO: Run Behavior\ReadHtmlCacheBehavior [ RunTime:0.001000s ]
INFO: [ app_begin ] --END-- [ RunTime:0.001000s ]
NOTIC: [2048] Declaration of Api\Controller\IndexController::get() should be compatible with Think\Controller::get($name = '') D:\wamp\www\tpdemo\Application\Api\Controller\IndexController.class.php 第 4 行.

